<?xml version="1.0" encoding="UTF-8"?>
<testsuite xmlns:xsi="http://www.w3.org/2001/XMLSchema-instance" xsi:noNamespaceSchemaLocation="https://maven.apache.org/surefire/maven-surefire-plugin/xsd/surefire-test-report.xsd" name="uppercase.SpringCloudEventsApplicationTests" time="3.662" tests="2" errors="0" skipped="0" failures="0">
  <properties>
[...]
</properties>
  <testcase name="testUpperCaseJsonInput" classname="uppercase.SpringCloudEventsApplicationTests" time="0.649"/>
  <testcase name="testUpperCaseRoutingBasedOnType" classname="uppercase.SpringCloudEventsApplicationTests" time="0.039"/>
</testsuite>